<?xml version="1.0" encoding="UTF-8"?>
<!-- Generated by org.testng.reporters.JUnitXMLReporter -->
<testsuite ignored="3" hostname="SHASHANKS-PC" failures="0" tests="1" name="Default test" time="0.181" errors="0" timestamp="2023-03-01T19:16:05 IST">
  <testcase classname="testNG.TestNGclass" name="@BeforeTest openBrowser" time="-1.677678365225E9">
    <failure type="org.testng.TestNGException" message="
Parameter &amp;apos;Browser&amp;apos; is required by BeforeTest on method openBrowser but has not been marked @Optional or defined
in C:\Users\shash\AppData\Local\Temp\testng-eclipse--660150013\testng-customsuite.xml">
      <![CDATA[org.testng.TestNGException: 
Parameter 'Browser' is required by BeforeTest on method openBrowser but has not been marked @Optional or defined
in C:\Users\shash\AppData\Local\Temp\testng-eclipse--660150013\testng-customsuite.xml
at org.testng.internal.Parameters.createParams(Parameters.java:270)
at org.testng.internal.Parameters.createParametersForMethod(Parameters.java:358)
at org.testng.internal.Parameters.createParameters(Parameters.java:700)
at org.testng.internal.Parameters.createConfigurationParameters(Parameters.java:168)
at org.testng.internal.ConfigInvoker.invokeConfigurations(ConfigInvoker.java:302)
at org.testng.TestRunner.invokeTestConfigurations(TestRunner.java:637)
at org.testng.TestRunner.beforeRun(TestRunner.java:627)
at org.testng.TestRunner.run(TestRunner.java:589)
at org.testng.SuiteRunner.runTest(SuiteRunner.java:377)
at org.testng.SuiteRunner.runSequentially(SuiteRunner.java:371)
at org.testng.SuiteRunner.privateRun(SuiteRunner.java:332)
at org.testng.SuiteRunner.run(SuiteRunner.java:276)
at org.testng.SuiteRunnerWorker.runSuite(SuiteRunnerWorker.java:53)
at org.testng.SuiteRunnerWorker.run(SuiteRunnerWorker.java:96)
at org.testng.TestNG.runSuitesSequentially(TestNG.java:1212)
at org.testng.TestNG.runSuitesLocally(TestNG.java:1134)
at org.testng.TestNG.runSuites(TestNG.java:1063)
at org.testng.TestNG.run(TestNG.java:1031)
at org.testng.remote.AbstractRemoteTestNG.run(AbstractRemoteTestNG.java:115)
at org.testng.remote.RemoteTestNG.initAndRun(RemoteTestNG.java:251)
at org.testng.remote.RemoteTestNG.main(RemoteTestNG.java:77)
]]>
    </failure>
  </testcase> <!-- @BeforeTest openBrowser -->
  <testcase classname="testNG.TestNGclass" name="@BeforeMethod beforeMethod" time="-1.677678365344E9">
    <skipped/>
  </testcase> <!-- @BeforeMethod beforeMethod -->
  <testcase classname="testNG.TestNGclass" name="@AfterMethod backToHomePage" time="-1.677678365364E9">
    <skipped/>
  </testcase> <!-- @AfterMethod backToHomePage -->
  <testcase classname="testNG.TestNGclass" name="@AfterClass clearPOMobjects" time="-1.677678365375E9">
    <skipped/>
  </testcase> <!-- @AfterClass clearPOMobjects -->
  <testcase classname="testNG.TestNGclass" name="verifyURLofCartPage" time="0.0">
    <skipped/>
  </testcase> <!-- verifyURLofCartPage -->
  <testcase classname="testNG.TestNGclass" name="verifyTitleOfCartPage" time="0.0">
    <ignored/>
  </testcase> <!-- verifyTitleOfCartPage -->
  <testcase classname="testNG.TestNGclass" name="verifyItemAddedToCart" time="0.0">
    <ignored/>
  </testcase> <!-- verifyItemAddedToCart -->
  <testcase classname="testNG.TestNGclass" name="verifyItemGettingDeletedFromCart" time="0.0">
    <ignored/>
  </testcase> <!-- verifyItemGettingDeletedFromCart -->
</testsuite> <!-- Default test -->
